<?xml version="1.0" encoding="UTF-8"?>
<!-- Generated by org.testng.reporters.JUnitReportReporter -->
<testsuite hostname="LAPTOP-CQL946G0" failures="0" tests="1" name="demopkg.TestClass" time="6.372" errors="0" timestamp="2024-03-15T12:37:27 IST" skipped="0">
  <testcase classname="demopkg.TestClass" name="operation" time="6.372"/>
</testsuite> <!-- demopkg.TestClass -->
